{
  "start": "2022-04-20T04:49:41.066Z",
  "end": "2022-04-20T04:51:18.710Z",
  "capabilities": {
    "acceptInsecureCerts": true,
    "browserName": "chrome",
    "browserVersion": "100.0.4896.88",
    "chrome": {
      "chromedriverVersion": "100.0.4896.60 (6a5d10861ce8de5fce22564658033b43cb7de047-refs/branch-heads/4896@{#875})",
      "userDataDir": "C:\\Users\\Aniket\\AppData\\Local\\Temp\\scoped_dir22500_1088904053"
    },
    "goog:chromeOptions": {
      "debuggerAddress": "localhost:51977"
    },
    "networkConnectionEnabled": false,
    "pageLoadStrategy": "normal",
    "platformName": "windows",
    "proxy": {},
    "setWindowRect": true,
    "strictFileInteractability": false,
    "timeouts": {
      "implicit": 0,
      "pageLoad": 300000,
      "script": 30000
    },
    "unhandledPromptBehavior": "dismiss and notify",
    "webauthn:extension:credBlob": true,
    "webauthn:extension:largeBlob": true,
    "webauthn:virtualAuthenticators": true,
    "sessionId": "ecda6c860344c47c551c714d907c21da"
  },
  "host": "localhost",
  "port": 9515,
  "baseUrl": "http://localhost",
  "framework": "cucumber",
  "duration": 97644,
  "suites": [
    {
      "title": "As a user, I can open travel booking site",
      "duration": 77439,
      "start": "2022-04-20T04:49:41.465Z",
      "end": "2022-04-20T04:50:58.904Z",
      "tests": [
        {
          "title": "Given I open browser and navigate to travel booking site",
          "start": "2022-04-20T04:49:41.469Z",
          "end": "2022-04-20T04:49:44.661Z",
          "duration": 3192,
          "state": "passed",
          "screenshots": [
            "D:\\Kirti_Study\\infy\\workspace\\wdi\\report\\file-1650430184658.jpeg"
          ]
        },
        {
          "title": "When User clicks on From City option",
          "start": "2022-04-20T04:49:44.661Z",
          "end": "2022-04-20T04:49:44.998Z",
          "duration": 337,
          "state": "passed",
          "screenshots": []
        },
        {
          "title": "Then User is able select From BLR",
          "start": "2022-04-20T04:49:44.998Z",
          "end": "2022-04-20T04:49:47.372Z",
          "duration": 2374,
          "state": "passed",
          "screenshots": [
            "D:\\Kirti_Study\\infy\\workspace\\wdi\\report\\file-1650430187033.jpeg",
            "D:\\Kirti_Study\\infy\\workspace\\wdi\\report\\file-1650430187369.jpeg"
          ]
        },
        {
          "title": "When User clicks on To City option",
          "start": "2022-04-20T04:49:47.373Z",
          "end": "2022-04-20T04:49:47.591Z",
          "duration": 218,
          "state": "passed",
          "screenshots": []
        },
        {
          "title": "Then User is able to select To SXR",
          "start": "2022-04-20T04:49:47.591Z",
          "end": "2022-04-20T04:49:49.734Z",
          "duration": 2143,
          "state": "passed",
          "screenshots": [
            "D:\\Kirti_Study\\infy\\workspace\\wdi\\report\\file-1650430189731.jpeg"
          ]
        },
        {
          "title": "When User clicks on Travellers option",
          "start": "2022-04-20T04:49:49.734Z",
          "end": "2022-04-20T04:49:50.700Z",
          "duration": 966,
          "state": "passed",
          "screenshots": [
            "D:\\Kirti_Study\\infy\\workspace\\wdi\\report\\file-1650430190696.jpeg"
          ]
        },
        {
          "title": "Then User selects travellers information from selection pop up",
          "start": "2022-04-20T04:49:50.700Z",
          "end": "2022-04-20T04:49:51.773Z",
          "duration": 1073,
          "state": "passed",
          "screenshots": [
            "D:\\Kirti_Study\\infy\\workspace\\wdi\\report\\file-1650430191644.jpeg"
          ]
        },
        {
          "title": "Then User selects option to search and lands on new page",
          "start": "2022-04-20T04:49:51.773Z",
          "end": "2022-04-20T04:49:57.941Z",
          "duration": 6168,
          "state": "passed",
          "screenshots": [
            "D:\\Kirti_Study\\infy\\workspace\\wdi\\report\\file-1650430197938.jpeg"
          ]
        },
        {
          "title": "When User gets List of flight prices with dates and user selects cheapest flight",
          "start": "2022-04-20T04:49:57.941Z",
          "end": "2022-04-20T04:50:57.614Z",
          "duration": 59673,
          "state": "passed",
          "screenshots": [
            "D:\\Kirti_Study\\infy\\workspace\\wdi\\report\\file-1650430249017.jpeg"
          ]
        },
        {
          "title": "Then User is able to see cheapest flight details",
          "start": "2022-04-20T04:50:57.614Z",
          "end": "2022-04-20T04:50:58.902Z",
          "duration": 1288,
          "state": "passed",
          "screenshots": [
            "D:\\Kirti_Study\\infy\\workspace\\wdi\\report\\file-1650430258899.jpeg"
          ]
        }
      ],
      "hooks": [
        {
          "start": "2022-04-20T04:49:41.466Z",
          "end": "2022-04-20T04:49:41.468Z",
          "duration": 2,
          "title": "",
          "associatedSuite": "0"
        },
        {
          "start": "2022-04-20T04:50:58.902Z",
          "end": "2022-04-20T04:50:58.903Z",
          "duration": 1,
          "title": "",
          "associatedSuite": "0"
        }
      ]
    },
    {
      "title": "As a user, I want to check cheapest Hotel",
      "duration": 19415,
      "start": "2022-04-20T04:50:58.906Z",
      "end": "2022-04-20T04:51:18.321Z",
      "tests": [
        {
          "title": "Given I open browser and navigate to travel booking site",
          "start": "2022-04-20T04:50:58.907Z",
          "end": "2022-04-20T04:51:01.500Z",
          "duration": 2593,
          "state": "passed",
          "screenshots": [
            "D:\\Kirti_Study\\infy\\workspace\\wdi\\report\\file-1650430261498.jpeg"
          ]
        },
        {
          "title": "When User selects Hotels option",
          "start": "2022-04-20T04:51:01.500Z",
          "end": "2022-04-20T04:51:02.058Z",
          "duration": 558,
          "state": "passed",
          "screenshots": []
        },
        {
          "title": "When User selects City Srinagar",
          "start": "2022-04-20T04:51:02.058Z",
          "end": "2022-04-20T04:51:04.620Z",
          "duration": 2562,
          "state": "passed",
          "screenshots": [
            "D:\\Kirti_Study\\infy\\workspace\\wdi\\report\\file-1650430262386.jpeg",
            "D:\\Kirti_Study\\infy\\workspace\\wdi\\report\\file-1650430264043.jpeg"
          ]
        },
        {
          "title": "Then User selects date and guests option and click on serach",
          "start": "2022-04-20T04:51:04.621Z",
          "end": "2022-04-20T04:51:11.524Z",
          "duration": 6903,
          "state": "passed",
          "screenshots": [
            "D:\\Kirti_Study\\infy\\workspace\\wdi\\report\\file-1650430264879.jpeg",
            "D:\\Kirti_Study\\infy\\workspace\\wdi\\report\\file-1650430266833.jpeg",
            "D:\\Kirti_Study\\infy\\workspace\\wdi\\report\\file-1650430267681.jpeg"
          ]
        },
        {
          "title": "Then User is able to see Hotel details",
          "start": "2022-04-20T04:51:11.524Z",
          "end": "2022-04-20T04:51:11.650Z",
          "duration": 126,
          "state": "passed",
          "screenshots": []
        },
        {
          "title": "When User selects 3 star hotel option and select filter to sort hotel details by Price Low to High",
          "start": "2022-04-20T04:51:11.650Z",
          "end": "2022-04-20T04:51:16.471Z",
          "duration": 4821,
          "state": "passed",
          "screenshots": [
            "D:\\Kirti_Study\\infy\\workspace\\wdi\\report\\file-1650430272087.jpeg",
            "D:\\Kirti_Study\\infy\\workspace\\wdi\\report\\file-1650430274727.jpeg"
          ]
        },
        {
          "title": "Then User is able to see cheapest hotel details",
          "start": "2022-04-20T04:51:16.471Z",
          "end": "2022-04-20T04:51:18.319Z",
          "duration": 1848,
          "state": "passed",
          "screenshots": [
            "D:\\Kirti_Study\\infy\\workspace\\wdi\\report\\file-1650430276709.jpeg",
            "D:\\Kirti_Study\\infy\\workspace\\wdi\\report\\file-1650430278574.jpeg"
          ]
        }
      ],
      "hooks": [
        {
          "start": "2022-04-20T04:50:58.906Z",
          "end": "2022-04-20T04:50:58.907Z",
          "duration": 1,
          "title": "",
          "associatedSuite": "1"
        },
        {
          "start": "2022-04-20T04:51:18.320Z",
          "end": "2022-04-20T04:51:18.321Z",
          "duration": 1,
          "title": "",
          "associatedSuite": "1"
        }
      ]
    },
    {
      "title": "Travel booking webpage",
      "duration": 96899,
      "start": "2022-04-20T04:49:41.423Z",
      "end": "2022-04-20T04:51:18.322Z",
      "tests": [],
      "hooks": []
    }
  ],
  "specs": [
    "D:\\Kirti_Study\\infy\\workspace\\wdi\\features\\travel.feature"
  ],
  "state": {
    "passed": 17,
    "failed": 0,
    "skipped": 0
  }
}